<?xml version="1.0" encoding="UTF-8"?>
<!-- Generated by org.testng.reporters.JUnitReportReporter -->
<testsuite hostname="LP10-8RFSQ93" failures="0" tests="1" name="pathways2research.UAT.educationGroupPageTest" time="158.933" errors="0" timestamp="2022-06-29T18:42:18 IST" skipped="0">
  <testcase classname="pathways2research.UAT.educationGroupPageTest" name="educationTopic" time="158.933"/>
  <system-out/>
</testsuite> <!-- pathways2research.UAT.educationGroupPageTest -->
