<?xml version="1.0" encoding="UTF-8"?>
<!-- Generated by org.testng.reporters.JUnitReportReporter -->
<testsuite hostname="LP10-8RFSQ93" failures="0" tests="1" name="pathways2research.UAT.sustainabilityGroupPageTest" time="64.010" errors="0" timestamp="2022-06-29T15:35:40 IST" skipped="0">
  <testcase classname="pathways2research.UAT.sustainabilityGroupPageTest" name="sustanabilityTopic" time="64.010"/>
  <system-out/>
</testsuite> <!-- pathways2research.UAT.sustainabilityGroupPageTest -->
