<?xml version="1.0" encoding="UTF-8"?>
<!-- Generated by org.testng.reporters.JUnitReportReporter -->
<testsuite hostname="LP10-8RFSQ93" failures="0" tests="1" name="pathways2research.UAT.bussinessGroupPageTest" time="190.941" errors="0" timestamp="2022-06-29T18:37:25 IST" skipped="0">
  <testcase classname="pathways2research.UAT.bussinessGroupPageTest" name="businessEconomicsGroup" time="190.941"/>
  <system-out/>
</testsuite> <!-- pathways2research.UAT.bussinessGroupPageTest -->
