<?xml version="1.0" encoding="UTF-8"?>
<!-- Generated by org.testng.reporters.JUnitReportReporter -->
<testsuite hostname="LP10-8RFSQ93" failures="0" tests="1" name="pathways2research.UAT.pathwayHomePageTest" time="56.421" errors="0" timestamp="2022-06-29T18:51:23 IST" skipped="0">
  <testcase classname="pathways2research.UAT.pathwayHomePageTest" name="patronLoginValidation" time="56.421"/>
  <system-out/>
</testsuite> <!-- pathways2research.UAT.pathwayHomePageTest -->
